{"message":"Unauthorized request to path: /","level":"error","timestamp":"06-14-2020 21:38:13","ms":"+0ms"}
{"message":"Unauthorized request to path: /","level":"error","timestamp":"06-14-2020 21:38:13","ms":"+20ms"}
{"message":"Unauthorized request to path: /","level":"error","timestamp":"06-14-2020 21:43:59","ms":"+0ms"}
{"message":"Unauthorized request to path: /","level":"error","timestamp":"06-14-2020 21:43:59","ms":"+19ms"}
{"message":"Unauthorized request to path: /","level":"error","timestamp":"06-14-2020 21:45:22","ms":"+0ms"}
{"message":"Unauthorized request to path: /","level":"error","timestamp":"06-14-2020 21:45:22","ms":"+15ms"}
{"message":"Unauthorized request to path: /","level":"error","timestamp":"06-14-2020 21:56:59","ms":"+0ms"}
{"message":"Unauthorized request to path: /","level":"error","timestamp":"06-14-2020 21:56:59","ms":"+18ms"}
{"message":"Unauthorized request to path: /","level":"error","timestamp":"06-14-2020 22:02:24","ms":"+0ms"}
{"message":"Unauthorized request to path: /","level":"error","timestamp":"06-14-2020 22:02:24","ms":"+14ms"}
{"message":"Unauthorized request to path: /","level":"error","timestamp":"06-15-2020 11:37:28","ms":"+0ms"}
{"message":"Unauthorized request to path: /","level":"error","timestamp":"06-15-2020 11:37:28","ms":"+23ms"}
{"message":"Unauthorized request to path: /folders","level":"error","timestamp":"06-17-2020 14:43:57","ms":"+0ms"}
{"message":"Unauthorized request to path: /folders","level":"error","timestamp":"06-17-2020 14:44:21","ms":"+24s"}
{"message":"Unauthorized request to path: /folders","level":"error","timestamp":"06-17-2020 14:44:22","ms":"+1s"}
{"message":"Unauthorized request to path: /folders","level":"error","timestamp":"06-17-2020 14:44:29","ms":"+7s"}
{"message":"Unauthorized request to path: /folders","level":"error","timestamp":"06-17-2020 14:44:30","ms":"+662ms"}
{"message":"Unauthorized request to path: /folders","level":"error","timestamp":"06-17-2020 14:44:30","ms":"+360ms"}
{"message":"Unauthorized request to path: /folders","level":"error","timestamp":"06-17-2020 14:44:32","ms":"+2s"}
{"message":"Unauthorized request to path: /notes","level":"error","timestamp":"06-17-2020 14:44:40","ms":"+8s"}
{"message":"Unauthorized request to path: /","level":"error","timestamp":"06-17-2020 14:44:44","ms":"+4s"}
{"message":"Unauthorized request to path: /api/notes","level":"error","timestamp":"06-17-2020 14:45:34","ms":"+51s"}
{"message":"Unauthorized request to path: /api/notes","level":"error","timestamp":"06-17-2020 14:45:36","ms":"+2s"}
{"message":"Unauthorized request to path: /api/notes/","level":"error","timestamp":"06-17-2020 14:45:43","ms":"+7s"}
{"message":"Unauthorized request to path: /api/folders","level":"error","timestamp":"06-17-2020 14:45:53","ms":"+11s"}
